running egg_info
writing ../../build/pointcloud_pub/pointcloud_pub.egg-info/PKG-INFO
writing dependency_links to ../../build/pointcloud_pub/pointcloud_pub.egg-info/dependency_links.txt
writing entry points to ../../build/pointcloud_pub/pointcloud_pub.egg-info/entry_points.txt
writing requirements to ../../build/pointcloud_pub/pointcloud_pub.egg-info/requires.txt
writing top-level names to ../../build/pointcloud_pub/pointcloud_pub.egg-info/top_level.txt
reading manifest file '../../build/pointcloud_pub/pointcloud_pub.egg-info/SOURCES.txt'
writing manifest file '../../build/pointcloud_pub/pointcloud_pub.egg-info/SOURCES.txt'
running build
running build_py
copying pointcloud_pub/stereo.py -> /home/sumurthy/Documents/GitHub/CSE145-SP26-Stereo-Camera/workspace/build/pointcloud_pub/build/lib/pointcloud_pub
copying pointcloud_pub/pointcloud_pub.py -> /home/sumurthy/Documents/GitHub/CSE145-SP26-Stereo-Camera/workspace/build/pointcloud_pub/build/lib/pointcloud_pub
running install
running install_lib
copying /home/sumurthy/Documents/GitHub/CSE145-SP26-Stereo-Camera/workspace/build/pointcloud_pub/build/lib/pointcloud_pub/stereo.py -> /home/sumurthy/Documents/GitHub/CSE145-SP26-Stereo-Camera/workspace/install/pointcloud_pub/lib/python3.10/site-packages/pointcloud_pub
copying /home/sumurthy/Documents/GitHub/CSE145-SP26-Stereo-Camera/workspace/build/pointcloud_pub/build/lib/pointcloud_pub/pointcloud_pub.py -> /home/sumurthy/Documents/GitHub/CSE145-SP26-Stereo-Camera/workspace/install/pointcloud_pub/lib/python3.10/site-packages/pointcloud_pub
byte-compiling /home/sumurthy/Documents/GitHub/CSE145-SP26-Stereo-Camera/workspace/install/pointcloud_pub/lib/python3.10/site-packages/pointcloud_pub/stereo.py to stereo.cpython-310.pyc
byte-compiling /home/sumurthy/Documents/GitHub/CSE145-SP26-Stereo-Camera/workspace/install/pointcloud_pub/lib/python3.10/site-packages/pointcloud_pub/pointcloud_pub.py to pointcloud_pub.cpython-310.pyc
running install_data
running install_egg_info
removing '/home/sumurthy/Documents/GitHub/CSE145-SP26-Stereo-Camera/workspace/install/pointcloud_pub/lib/python3.10/site-packages/pointcloud_pub-0.0.0-py3.10.egg-info' (and everything under it)
Copying ../../build/pointcloud_pub/pointcloud_pub.egg-info to /home/sumurthy/Documents/GitHub/CSE145-SP26-Stereo-Camera/workspace/install/pointcloud_pub/lib/python3.10/site-packages/pointcloud_pub-0.0.0-py3.10.egg-info
running install_scripts
Installing pointcloud_pub script to /home/sumurthy/Documents/GitHub/CSE145-SP26-Stereo-Camera/workspace/install/pointcloud_pub/lib/pointcloud_pub
writing list of installed files to '/home/sumurthy/Documents/GitHub/CSE145-SP26-Stereo-Camera/workspace/build/pointcloud_pub/install.log'
