[0.389s] Invoking command in '/home/sumurthy/Documents/GitHub/CSE145-SP26-Stereo-Camera/workspace/src/pointcloud_pub': PYTHONPATH=/home/sumurthy/Documents/GitHub/CSE145-SP26-Stereo-Camera/workspace/build/pointcloud_pub/prefix_override:/usr/lib/python3/dist-packages/colcon_core/task/python/colcon_distutils_commands:/home/sumurthy/Documents/GitHub/CSE145-SP26-Stereo-Camera/workspace/install/pointcloud_pub/lib/python3.10/site-packages:${PYTHONPATH} /usr/bin/python3 -W ignore:setup.py install is deprecated -W ignore:easy_install command is deprecated setup.py egg_info --egg-base ../../build/pointcloud_pub build --build-base /home/sumurthy/Documents/GitHub/CSE145-SP26-Stereo-Camera/workspace/build/pointcloud_pub/build install --record /home/sumurthy/Documents/GitHub/CSE145-SP26-Stereo-Camera/workspace/build/pointcloud_pub/install.log --single-version-externally-managed install_data
[0.532s] running egg_info
[0.533s] writing ../../build/pointcloud_pub/pointcloud_pub.egg-info/PKG-INFO
[0.533s] writing dependency_links to ../../build/pointcloud_pub/pointcloud_pub.egg-info/dependency_links.txt
[0.533s] writing entry points to ../../build/pointcloud_pub/pointcloud_pub.egg-info/entry_points.txt
[0.533s] writing requirements to ../../build/pointcloud_pub/pointcloud_pub.egg-info/requires.txt
[0.533s] writing top-level names to ../../build/pointcloud_pub/pointcloud_pub.egg-info/top_level.txt
[0.535s] reading manifest file '../../build/pointcloud_pub/pointcloud_pub.egg-info/SOURCES.txt'
[0.535s] writing manifest file '../../build/pointcloud_pub/pointcloud_pub.egg-info/SOURCES.txt'
[0.536s] running build
[0.536s] running build_py
[0.536s] copying pointcloud_pub/stereo.py -> /home/sumurthy/Documents/GitHub/CSE145-SP26-Stereo-Camera/workspace/build/pointcloud_pub/build/lib/pointcloud_pub
[0.536s] running install
[0.536s] running install_lib
[0.536s] copying /home/sumurthy/Documents/GitHub/CSE145-SP26-Stereo-Camera/workspace/build/pointcloud_pub/build/lib/pointcloud_pub/stereo.py -> /home/sumurthy/Documents/GitHub/CSE145-SP26-Stereo-Camera/workspace/install/pointcloud_pub/lib/python3.10/site-packages/pointcloud_pub
[0.537s] byte-compiling /home/sumurthy/Documents/GitHub/CSE145-SP26-Stereo-Camera/workspace/install/pointcloud_pub/lib/python3.10/site-packages/pointcloud_pub/stereo.py to stereo.cpython-310.pyc
[0.538s] running install_data
[0.538s] running install_egg_info
[0.539s] removing '/home/sumurthy/Documents/GitHub/CSE145-SP26-Stereo-Camera/workspace/install/pointcloud_pub/lib/python3.10/site-packages/pointcloud_pub-0.0.0-py3.10.egg-info' (and everything under it)
[0.539s] Copying ../../build/pointcloud_pub/pointcloud_pub.egg-info to /home/sumurthy/Documents/GitHub/CSE145-SP26-Stereo-Camera/workspace/install/pointcloud_pub/lib/python3.10/site-packages/pointcloud_pub-0.0.0-py3.10.egg-info
[0.540s] running install_scripts
[0.553s] Installing pointcloud_pub script to /home/sumurthy/Documents/GitHub/CSE145-SP26-Stereo-Camera/workspace/install/pointcloud_pub/lib/pointcloud_pub
[0.553s] writing list of installed files to '/home/sumurthy/Documents/GitHub/CSE145-SP26-Stereo-Camera/workspace/build/pointcloud_pub/install.log'
[0.570s] Invoked command in '/home/sumurthy/Documents/GitHub/CSE145-SP26-Stereo-Camera/workspace/src/pointcloud_pub' returned '0': PYTHONPATH=/home/sumurthy/Documents/GitHub/CSE145-SP26-Stereo-Camera/workspace/build/pointcloud_pub/prefix_override:/usr/lib/python3/dist-packages/colcon_core/task/python/colcon_distutils_commands:/home/sumurthy/Documents/GitHub/CSE145-SP26-Stereo-Camera/workspace/install/pointcloud_pub/lib/python3.10/site-packages:${PYTHONPATH} /usr/bin/python3 -W ignore:setup.py install is deprecated -W ignore:easy_install command is deprecated setup.py egg_info --egg-base ../../build/pointcloud_pub build --build-base /home/sumurthy/Documents/GitHub/CSE145-SP26-Stereo-Camera/workspace/build/pointcloud_pub/build install --record /home/sumurthy/Documents/GitHub/CSE145-SP26-Stereo-Camera/workspace/build/pointcloud_pub/install.log --single-version-externally-managed install_data
