running egg_info
creating ../../build/pointcloud_pub/pointcloud_pub.egg-info
writing ../../build/pointcloud_pub/pointcloud_pub.egg-info/PKG-INFO
writing dependency_links to ../../build/pointcloud_pub/pointcloud_pub.egg-info/dependency_links.txt
writing entry points to ../../build/pointcloud_pub/pointcloud_pub.egg-info/entry_points.txt
writing requirements to ../../build/pointcloud_pub/pointcloud_pub.egg-info/requires.txt
writing top-level names to ../../build/pointcloud_pub/pointcloud_pub.egg-info/top_level.txt
writing manifest file '../../build/pointcloud_pub/pointcloud_pub.egg-info/SOURCES.txt'
reading manifest file '../../build/pointcloud_pub/pointcloud_pub.egg-info/SOURCES.txt'
writing manifest file '../../build/pointcloud_pub/pointcloud_pub.egg-info/SOURCES.txt'
running build
running build_py
creating /home/sumurthy/Documents/GitHub/CSE145-SP26-Stereo-Camera/workspace/build/pointcloud_pub/build
creating /home/sumurthy/Documents/GitHub/CSE145-SP26-Stereo-Camera/workspace/build/pointcloud_pub/build/lib
creating /home/sumurthy/Documents/GitHub/CSE145-SP26-Stereo-Camera/workspace/build/pointcloud_pub/build/lib/pointcloud_pub
copying pointcloud_pub/__init__.py -> /home/sumurthy/Documents/GitHub/CSE145-SP26-Stereo-Camera/workspace/build/pointcloud_pub/build/lib/pointcloud_pub
copying pointcloud_pub/pointcloud_pub.py -> /home/sumurthy/Documents/GitHub/CSE145-SP26-Stereo-Camera/workspace/build/pointcloud_pub/build/lib/pointcloud_pub
running install
running install_lib
creating /home/sumurthy/Documents/GitHub/CSE145-SP26-Stereo-Camera/workspace/install/pointcloud_pub/lib/python3.10/site-packages/pointcloud_pub
copying /home/sumurthy/Documents/GitHub/CSE145-SP26-Stereo-Camera/workspace/build/pointcloud_pub/build/lib/pointcloud_pub/__init__.py -> /home/sumurthy/Documents/GitHub/CSE145-SP26-Stereo-Camera/workspace/install/pointcloud_pub/lib/python3.10/site-packages/pointcloud_pub
copying /home/sumurthy/Documents/GitHub/CSE145-SP26-Stereo-Camera/workspace/build/pointcloud_pub/build/lib/pointcloud_pub/pointcloud_pub.py -> /home/sumurthy/Documents/GitHub/CSE145-SP26-Stereo-Camera/workspace/install/pointcloud_pub/lib/python3.10/site-packages/pointcloud_pub
byte-compiling /home/sumurthy/Documents/GitHub/CSE145-SP26-Stereo-Camera/workspace/install/pointcloud_pub/lib/python3.10/site-packages/pointcloud_pub/__init__.py to __init__.cpython-310.pyc
byte-compiling /home/sumurthy/Documents/GitHub/CSE145-SP26-Stereo-Camera/workspace/install/pointcloud_pub/lib/python3.10/site-packages/pointcloud_pub/pointcloud_pub.py to pointcloud_pub.cpython-310.pyc
running install_data
creating /home/sumurthy/Documents/GitHub/CSE145-SP26-Stereo-Camera/workspace/install/pointcloud_pub/share/ament_index
creating /home/sumurthy/Documents/GitHub/CSE145-SP26-Stereo-Camera/workspace/install/pointcloud_pub/share/ament_index/resource_index
creating /home/sumurthy/Documents/GitHub/CSE145-SP26-Stereo-Camera/workspace/install/pointcloud_pub/share/ament_index/resource_index/packages
copying resource/pointcloud_pub -> /home/sumurthy/Documents/GitHub/CSE145-SP26-Stereo-Camera/workspace/install/pointcloud_pub/share/ament_index/resource_index/packages
copying package.xml -> /home/sumurthy/Documents/GitHub/CSE145-SP26-Stereo-Camera/workspace/install/pointcloud_pub/share/pointcloud_pub
running install_egg_info
Copying ../../build/pointcloud_pub/pointcloud_pub.egg-info to /home/sumurthy/Documents/GitHub/CSE145-SP26-Stereo-Camera/workspace/install/pointcloud_pub/lib/python3.10/site-packages/pointcloud_pub-0.0.0-py3.10.egg-info
running install_scripts
Installing pointcloud_pub script to /home/sumurthy/Documents/GitHub/CSE145-SP26-Stereo-Camera/workspace/install/pointcloud_pub/lib/pointcloud_pub
writing list of installed files to '/home/sumurthy/Documents/GitHub/CSE145-SP26-Stereo-Camera/workspace/build/pointcloud_pub/install.log'
