[0.476s] Invoking command in '/home/sumurthy/Documents/GitHub/CSE145-SP26-Stereo-Camera/workspace/src/pointcloud_pub': PYTHONPATH=/home/sumurthy/Documents/GitHub/CSE145-SP26-Stereo-Camera/workspace/build/pointcloud_pub/prefix_override:/usr/lib/python3/dist-packages/colcon_core/task/python/colcon_distutils_commands:/home/sumurthy/Documents/GitHub/CSE145-SP26-Stereo-Camera/workspace/install/pointcloud_pub/lib/python3.10/site-packages:${PYTHONPATH} /usr/bin/python3 -W ignore:setup.py install is deprecated -W ignore:easy_install command is deprecated setup.py egg_info --egg-base ../../build/pointcloud_pub build --build-base /home/sumurthy/Documents/GitHub/CSE145-SP26-Stereo-Camera/workspace/build/pointcloud_pub/build install --record /home/sumurthy/Documents/GitHub/CSE145-SP26-Stereo-Camera/workspace/build/pointcloud_pub/install.log --single-version-externally-managed install_data
[0.626s] running egg_info
[0.626s] creating ../../build/pointcloud_pub/pointcloud_pub.egg-info
[0.627s] writing ../../build/pointcloud_pub/pointcloud_pub.egg-info/PKG-INFO
[0.627s] writing dependency_links to ../../build/pointcloud_pub/pointcloud_pub.egg-info/dependency_links.txt
[0.627s] writing entry points to ../../build/pointcloud_pub/pointcloud_pub.egg-info/entry_points.txt
[0.627s] writing requirements to ../../build/pointcloud_pub/pointcloud_pub.egg-info/requires.txt
[0.627s] writing top-level names to ../../build/pointcloud_pub/pointcloud_pub.egg-info/top_level.txt
[0.627s] writing manifest file '../../build/pointcloud_pub/pointcloud_pub.egg-info/SOURCES.txt'
[0.628s] reading manifest file '../../build/pointcloud_pub/pointcloud_pub.egg-info/SOURCES.txt'
[0.629s] writing manifest file '../../build/pointcloud_pub/pointcloud_pub.egg-info/SOURCES.txt'
[0.629s] running build
[0.629s] running build_py
[0.629s] creating /home/sumurthy/Documents/GitHub/CSE145-SP26-Stereo-Camera/workspace/build/pointcloud_pub/build
[0.629s] creating /home/sumurthy/Documents/GitHub/CSE145-SP26-Stereo-Camera/workspace/build/pointcloud_pub/build/lib
[0.629s] creating /home/sumurthy/Documents/GitHub/CSE145-SP26-Stereo-Camera/workspace/build/pointcloud_pub/build/lib/pointcloud_pub
[0.629s] copying pointcloud_pub/__init__.py -> /home/sumurthy/Documents/GitHub/CSE145-SP26-Stereo-Camera/workspace/build/pointcloud_pub/build/lib/pointcloud_pub
[0.629s] copying pointcloud_pub/pointcloud_pub.py -> /home/sumurthy/Documents/GitHub/CSE145-SP26-Stereo-Camera/workspace/build/pointcloud_pub/build/lib/pointcloud_pub
[0.629s] running install
[0.629s] running install_lib
[0.630s] creating /home/sumurthy/Documents/GitHub/CSE145-SP26-Stereo-Camera/workspace/install/pointcloud_pub/lib/python3.10/site-packages/pointcloud_pub
[0.630s] copying /home/sumurthy/Documents/GitHub/CSE145-SP26-Stereo-Camera/workspace/build/pointcloud_pub/build/lib/pointcloud_pub/__init__.py -> /home/sumurthy/Documents/GitHub/CSE145-SP26-Stereo-Camera/workspace/install/pointcloud_pub/lib/python3.10/site-packages/pointcloud_pub
[0.630s] copying /home/sumurthy/Documents/GitHub/CSE145-SP26-Stereo-Camera/workspace/build/pointcloud_pub/build/lib/pointcloud_pub/pointcloud_pub.py -> /home/sumurthy/Documents/GitHub/CSE145-SP26-Stereo-Camera/workspace/install/pointcloud_pub/lib/python3.10/site-packages/pointcloud_pub
[0.630s] byte-compiling /home/sumurthy/Documents/GitHub/CSE145-SP26-Stereo-Camera/workspace/install/pointcloud_pub/lib/python3.10/site-packages/pointcloud_pub/__init__.py to __init__.cpython-310.pyc
[0.631s] byte-compiling /home/sumurthy/Documents/GitHub/CSE145-SP26-Stereo-Camera/workspace/install/pointcloud_pub/lib/python3.10/site-packages/pointcloud_pub/pointcloud_pub.py to pointcloud_pub.cpython-310.pyc
[0.631s] running install_data
[0.631s] creating /home/sumurthy/Documents/GitHub/CSE145-SP26-Stereo-Camera/workspace/install/pointcloud_pub/share/ament_index
[0.631s] creating /home/sumurthy/Documents/GitHub/CSE145-SP26-Stereo-Camera/workspace/install/pointcloud_pub/share/ament_index/resource_index
[0.631s] creating /home/sumurthy/Documents/GitHub/CSE145-SP26-Stereo-Camera/workspace/install/pointcloud_pub/share/ament_index/resource_index/packages
[0.631s] copying resource/pointcloud_pub -> /home/sumurthy/Documents/GitHub/CSE145-SP26-Stereo-Camera/workspace/install/pointcloud_pub/share/ament_index/resource_index/packages
[0.631s] copying package.xml -> /home/sumurthy/Documents/GitHub/CSE145-SP26-Stereo-Camera/workspace/install/pointcloud_pub/share/pointcloud_pub
[0.631s] running install_egg_info
[0.633s] Copying ../../build/pointcloud_pub/pointcloud_pub.egg-info to /home/sumurthy/Documents/GitHub/CSE145-SP26-Stereo-Camera/workspace/install/pointcloud_pub/lib/python3.10/site-packages/pointcloud_pub-0.0.0-py3.10.egg-info
[0.633s] running install_scripts
[0.646s] Installing pointcloud_pub script to /home/sumurthy/Documents/GitHub/CSE145-SP26-Stereo-Camera/workspace/install/pointcloud_pub/lib/pointcloud_pub
[0.646s] writing list of installed files to '/home/sumurthy/Documents/GitHub/CSE145-SP26-Stereo-Camera/workspace/build/pointcloud_pub/install.log'
[0.662s] Invoked command in '/home/sumurthy/Documents/GitHub/CSE145-SP26-Stereo-Camera/workspace/src/pointcloud_pub' returned '0': PYTHONPATH=/home/sumurthy/Documents/GitHub/CSE145-SP26-Stereo-Camera/workspace/build/pointcloud_pub/prefix_override:/usr/lib/python3/dist-packages/colcon_core/task/python/colcon_distutils_commands:/home/sumurthy/Documents/GitHub/CSE145-SP26-Stereo-Camera/workspace/install/pointcloud_pub/lib/python3.10/site-packages:${PYTHONPATH} /usr/bin/python3 -W ignore:setup.py install is deprecated -W ignore:easy_install command is deprecated setup.py egg_info --egg-base ../../build/pointcloud_pub build --build-base /home/sumurthy/Documents/GitHub/CSE145-SP26-Stereo-Camera/workspace/build/pointcloud_pub/build install --record /home/sumurthy/Documents/GitHub/CSE145-SP26-Stereo-Camera/workspace/build/pointcloud_pub/install.log --single-version-externally-managed install_data
